# Logfile created on Wed Jun 03 10:34:09 -0500 2009/!\ FAILSAFE /!\  Wed Jun 03 10:34:21 -0500 2009
  Status: 500 Internal Server Error
  could not connect to server: No such file or directory
	Is the server running locally and accepting
	connections on Unix domain socket "/tmp/.s.PGSQL.5432"?

    /opt/local/lib/ruby/gems/1.8/gems/activerecord-2.3.2/lib/active_record/connection_adapters/postgresql_adapter.rb:916:in `initialize'
    /opt/local/lib/ruby/gems/1.8/gems/activerecord-2.3.2/lib/active_record/connection_adapters/postgresql_adapter.rb:916:in `connect'
    /opt/local/lib/ruby/gems/1.8/gems/activerecord-2.3.2/lib/active_record/connection_adapters/postgresql_adapter.rb:916:in `connect'
    /opt/local/lib/ruby/gems/1.8/gems/activerecord-2.3.2/lib/active_record/connection_adapters/postgresql_adapter.rb:210:in `initialize'
    /opt/local/lib/ruby/gems/1.8/gems/activerecord-2.3.2/lib/active_record/connection_adapters/postgresql_adapter.rb:37:in `new'
    /opt/local/lib/ruby/gems/1.8/gems/activerecord-2.3.2/lib/active_record/connection_adapters/postgresql_adapter.rb:37:in `postgresql_connection'
    /opt/local/lib/ruby/gems/1.8/gems/activerecord-2.3.2/lib/active_record/connection_adapters/abstract/connection_pool.rb:223:in `send'
    /opt/local/lib/ruby/gems/1.8/gems/activerecord-2.3.2/lib/active_record/connection_adapters/abstract/connection_pool.rb:223:in `new_connection'
    /opt/local/lib/ruby/gems/1.8/gems/activerecord-2.3.2/lib/active_record/connection_adapters/abstract/connection_pool.rb:245:in `checkout_new_connection'
    /opt/local/lib/ruby/gems/1.8/gems/activerecord-2.3.2/lib/active_record/connection_adapters/abstract/connection_pool.rb:188:in `checkout'
    /opt/local/lib/ruby/gems/1.8/gems/activerecord-2.3.2/lib/active_record/connection_adapters/abstract/connection_pool.rb:184:in `loop'
    /opt/local/lib/ruby/gems/1.8/gems/activerecord-2.3.2/lib/active_record/connection_adapters/abstract/connection_pool.rb:184:in `checkout'
    /opt/local/lib/ruby/1.8/monitor.rb:242:in `synchronize'
    /opt/local/lib/ruby/gems/1.8/gems/activerecord-2.3.2/lib/active_record/connection_adapters/abstract/connection_pool.rb:183:in `checkout'
    /opt/local/lib/ruby/gems/1.8/gems/activerecord-2.3.2/lib/active_record/connection_adapters/abstract/connection_pool.rb:98:in `connection'
    /opt/local/lib/ruby/gems/1.8/gems/activerecord-2.3.2/lib/active_record/connection_adapters/abstract/connection_pool.rb:326:in `retrieve_connection'
    /opt/local/lib/ruby/gems/1.8/gems/activerecord-2.3.2/lib/active_record/connection_adapters/abstract/connection_specification.rb:123:in `retrieve_connection'
    /opt/local/lib/ruby/gems/1.8/gems/activerecord-2.3.2/lib/active_record/connection_adapters/abstract/connection_specification.rb:115:in `connection'
    /opt/local/lib/ruby/gems/1.8/gems/activerecord-2.3.2/lib/active_record/query_cache.rb:9:in `cache'
    /opt/local/lib/ruby/gems/1.8/gems/activerecord-2.3.2/lib/active_record/query_cache.rb:28:in `call'
    /opt/local/lib/ruby/gems/1.8/gems/activerecord-2.3.2/lib/active_record/connection_adapters/abstract/connection_pool.rb:361:in `call'
    /opt/local/lib/ruby/gems/1.8/gems/rack-1.0.0/lib/rack/head.rb:9:in `call'
    /opt/local/lib/ruby/gems/1.8/gems/rack-1.0.0/lib/rack/methodoverride.rb:24:in `call'
    /opt/local/lib/ruby/gems/1.8/gems/actionpack-2.3.2/lib/action_controller/params_parser.rb:15:in `call'
    /opt/local/lib/ruby/gems/1.8/gems/actionpack-2.3.2/lib/action_controller/rewindable_input.rb:25:in `call'
    /opt/local/lib/ruby/gems/1.8/gems/actionpack-2.3.2/lib/action_controller/session/cookie_store.rb:93:in `call'
    /opt/local/lib/ruby/gems/1.8/gems/actionpack-2.3.2/lib/action_controller/reloader.rb:9:in `call'
    /opt/local/lib/ruby/gems/1.8/gems/actionpack-2.3.2/lib/action_controller/failsafe.rb:11:in `call'
    /opt/local/lib/ruby/gems/1.8/gems/rack-1.0.0/lib/rack/lock.rb:11:in `call'
    /opt/local/lib/ruby/gems/1.8/gems/rack-1.0.0/lib/rack/lock.rb:11:in `synchronize'
    /opt/local/lib/ruby/gems/1.8/gems/rack-1.0.0/lib/rack/lock.rb:11:in `call'
    /opt/local/lib/ruby/gems/1.8/gems/actionpack-2.3.2/lib/action_controller/dispatcher.rb:106:in `call'
    /opt/local/lib/ruby/gems/1.8/gems/rails-2.3.2/lib/rails/rack/static.rb:31:in `call'
    /opt/local/lib/ruby/gems/1.8/gems/rack-1.0.0/lib/rack/urlmap.rb:46:in `call'
    /opt/local/lib/ruby/gems/1.8/gems/rack-1.0.0/lib/rack/urlmap.rb:40:in `each'
    /opt/local/lib/ruby/gems/1.8/gems/rack-1.0.0/lib/rack/urlmap.rb:40:in `call'
    /opt/local/lib/ruby/gems/1.8/gems/rails-2.3.2/lib/rails/rack/log_tailer.rb:17:in `call'
    /opt/local/lib/ruby/gems/1.8/gems/rack-1.0.0/lib/rack/content_length.rb:13:in `call'
    /opt/local/lib/ruby/gems/1.8/gems/rack-1.0.0/lib/rack/handler/webrick.rb:46:in `service'
    /opt/local/lib/ruby/1.8/webrick/httpserver.rb:104:in `service'
    /opt/local/lib/ruby/1.8/webrick/httpserver.rb:65:in `run'
    /opt/local/lib/ruby/1.8/webrick/server.rb:173:in `start_thread'
    /opt/local/lib/ruby/1.8/webrick/server.rb:162:in `start'
    /opt/local/lib/ruby/1.8/webrick/server.rb:162:in `start_thread'
    /opt/local/lib/ruby/1.8/webrick/server.rb:95:in `start'
    /opt/local/lib/ruby/1.8/webrick/server.rb:92:in `each'
    /opt/local/lib/ruby/1.8/webrick/server.rb:92:in `start'
    /opt/local/lib/ruby/1.8/webrick/server.rb:23:in `start'
    /opt/local/lib/ruby/1.8/webrick/server.rb:82:in `start'
    /opt/local/lib/ruby/gems/1.8/gems/rack-1.0.0/lib/rack/handler/webrick.rb:13:in `run'
    /opt/local/lib/ruby/gems/1.8/gems/rails-2.3.2/lib/commands/server.rb:111
    /opt/local/lib/ruby/site_ruby/1.8/rubygems/custom_require.rb:31:in `gem_original_require'
    /opt/local/lib/ruby/site_ruby/1.8/rubygems/custom_require.rb:31:in `require'
    script/server:3
  [4;36;1mSQL (0.7ms)[0m   [0;1mSET client_min_messages TO 'panic'[0m
  [4;35;1mSQL (0.1ms)[0m   [0mSET client_min_messages TO 'notice'[0m


Processing AbstractsController#index (for 127.0.0.1 at 2009-06-03 10:34:48) [GET]
  [4;36;1mAbstract Load (1274.7ms)[0m   [0;1mSELECT * FROM "abstracts" ORDER BY updated_at DESC LIMIT 1[0m
Updated a session last_load_date for ip 127.0.0.1 at Wed Jun 03 10:34:50 -0500 2009
  [4;35;1mProgram Load (48.3ms)[0m   [0mSELECT * FROM "programs" ORDER BY program_number[0m
Redirected to http://localhost:3000/abstracts/2009/year_list?page=1
Completed in 1708ms (DB: 1324) | 302 Found [http://localhost/abstracts/]
  [4;36;1mSQL (0.1ms)[0m   [0;1mSET client_min_messages TO 'panic'[0m
  [4;35;1mSQL (0.1ms)[0m   [0mSET client_min_messages TO 'notice'[0m


Processing AbstractsController#year_list (for 127.0.0.1 at 2009-06-03 10:34:50) [GET]
  Parameters: {"id"=>"2009", "page"=>"1"}
  [4;36;1mProgram Load (2.6ms)[0m   [0;1mSELECT * FROM "programs" ORDER BY program_number[0m
  [4;35;1mAbstract Load IDs For Limited Eager Loading (140.0ms)[0m   [0mSELECT * FROM (SELECT DISTINCT ON ("abstracts".id) "abstracts".id, investigators.last_name AS alias_0, authors AS alias_1 FROM "abstracts" LEFT OUTER JOIN "investigator_abstracts" ON ("abstracts"."id" = "investigator_abstracts"."abstract_id") LEFT OUTER JOIN "investigators" ON ("investigators"."id" = "investigator_abstracts"."investigator_id") AND investigators.end_date is null or investigators.end_date >= '2009-06-03' WHERE (year = E'2009') ) AS id_list ORDER BY id_list.alias_0 , id_list.alias_1 LIMIT 20 OFFSET 0[0m
  [4;36;1mAbstract Load Including Associations (238.0ms)[0m   [0;1mSELECT "abstracts"."id" AS t0_r0, "abstracts"."endnote_citation" AS t0_r1, "abstracts"."abstract" AS t0_r2, "abstracts"."authors" AS t0_r3, "abstracts"."full_authors" AS t0_r4, "abstracts"."is_first_author_investigator" AS t0_r5, "abstracts"."is_last_author_investigator" AS t0_r6, "abstracts"."title" AS t0_r7, "abstracts"."journal_abbreviation" AS t0_r8, "abstracts"."journal" AS t0_r9, "abstracts"."volume" AS t0_r10, "abstracts"."issue" AS t0_r11, "abstracts"."pages" AS t0_r12, "abstracts"."year" AS t0_r13, "abstracts"."publication_date" AS t0_r14, "abstracts"."publication_type" AS t0_r15, "abstracts"."electronic_publication_date" AS t0_r16, "abstracts"."deposited_date" AS t0_r17, "abstracts"."status" AS t0_r18, "abstracts"."publication_status" AS t0_r19, "abstracts"."pubmed" AS t0_r20, "abstracts"."url" AS t0_r21, "abstracts"."mesh" AS t0_r22, "abstracts"."created_at" AS t0_r23, "abstracts"."created_id" AS t0_r24, "abstracts"."created_ip" AS t0_r25, "abstracts"."updated_at" AS t0_r26, "abstracts"."updated_id" AS t0_r27, "abstracts"."updated_ip" AS t0_r28, "abstracts"."deleted_at" AS t0_r29, "abstracts"."deleted_id" AS t0_r30, "abstracts"."deleted_ip" AS t0_r31, "investigators"."id" AS t1_r0, "investigators"."username" AS t1_r1, "investigators"."last_name" AS t1_r2, "investigators"."first_name" AS t1_r3, "investigators"."middle_name" AS t1_r4, "investigators"."email" AS t1_r5, "investigators"."nu_employee_id" AS t1_r6, "investigators"."title" AS t1_r7, "investigators"."home_department" AS t1_r8, "investigators"."division" AS t1_r9, "investigators"."secondary" AS t1_r10, "investigators"."campus" AS t1_r11, "investigators"."appointment_type" AS t1_r12, "investigators"."appointment_track" AS t1_r13, "investigators"."pubmed_search_name" AS t1_r14, "investigators"."pubmed_limit_to_institution" AS t1_r15, "investigators"."num_first_pubs_last_five_years" AS t1_r16, "investigators"."num_last_pubs_last_five_years" AS t1_r17, "investigators"."total_pubs_last_five_years" AS t1_r18, "investigators"."num_intraprogam_collaborators_last_five_years" AS t1_r19, "investigators"."num_extraprogram_collaborators_last_five_years" AS t1_r20, "investigators"."last_pubmed_search" AS t1_r21, "investigators"."mailcode" AS t1_r22, "investigators"."address1" AS t1_r23, "investigators"."address2" AS t1_r24, "investigators"."city" AS t1_r25, "investigators"."state" AS t1_r26, "investigators"."postal_code" AS t1_r27, "investigators"."country" AS t1_r28, "investigators"."business_phone" AS t1_r29, "investigators"."home_phone" AS t1_r30, "investigators"."lab_phone" AS t1_r31, "investigators"."fax" AS t1_r32, "investigators"."pager" AS t1_r33, "investigators"."ssn" AS t1_r34, "investigators"."sex" AS t1_r35, "investigators"."birth_date" AS t1_r36, "investigators"."nu_start_date" AS t1_r37, "investigators"."start_date" AS t1_r38, "investigators"."end_date" AS t1_r39, "investigators"."weekly_hours_min" AS t1_r40, "investigators"."last_successful_login" AS t1_r41, "investigators"."last_login_failure" AS t1_r42, "investigators"."consecutive_login_failures" AS t1_r43, "investigators"."password" AS t1_r44, "investigators"."password_changed_at" AS t1_r45, "investigators"."password_changed_id" AS t1_r46, "investigators"."password_changed_ip" AS t1_r47, "investigators"."created_at" AS t1_r48, "investigators"."created_id" AS t1_r49, "investigators"."created_ip" AS t1_r50, "investigators"."updated_at" AS t1_r51, "investigators"."updated_id" AS t1_r52, "investigators"."updated_ip" AS t1_r53, "investigators"."deleted_at" AS t1_r54, "investigators"."deleted_id" AS t1_r55, "investigators"."deleted_ip" AS t1_r56, "investigator_abstracts_abstracts"."id" AS t2_r0, "investigator_abstracts_abstracts"."abstract_id" AS t2_r1, "investigator_abstracts_abstracts"."investigator_id" AS t2_r2, "investigator_abstracts_abstracts"."is_first_author" AS t2_r3, "investigator_abstracts_abstracts"."is_last_author" AS t2_r4, "investigator_abstracts_abstracts"."created_at" AS t2_r5, "investigator_abstracts_abstracts"."updated_at" AS t2_r6 FROM "abstracts" LEFT OUTER JOIN "investigator_abstracts" ON ("abstracts"."id" = "investigator_abstracts"."abstract_id") LEFT OUTER JOIN "investigators" ON ("investigators"."id" = "investigator_abstracts"."investigator_id") AND investigators.end_date is null or investigators.end_date >= '2009-06-03' LEFT OUTER JOIN "investigator_abstracts" investigator_abstracts_abstracts ON investigator_abstracts_abstracts.abstract_id = abstracts.id WHERE (year = E'2009') AND "abstracts".id IN (2940, 4678, 1, 17, 15, 14, 67, 90, 87, 88, 126, 244, 245, 262, 5904, 372, 466, 467, 6990, 6988) ORDER BY investigators.last_name ASC, authors ASC[0m
  [4;35;1mSQL (95.1ms)[0m   [0mSELECT count(*) AS count_all FROM "abstracts" WHERE (year = E'2009') [0m
  [4;36;1mTag Load (6045.3ms)[0m   [0;1mSELECT tags.id, tags.name, COUNT(*) AS count FROM "tags" INNER JOIN taggings ON tags.id = taggings.tag_id INNER JOIN abstracts ON abstracts.id = taggings.taggable_id WHERE (abstracts.year in (E'2009') AND taggings.taggable_type = E'Abstract') GROUP BY tags.id, tags.name HAVING COUNT(*) > 0 ORDER BY count desc LIMIT 150[0m
Rendering template within layouts/application
Rendering abstracts/year_list
Rendered shared/_publication_item (13.6ms)
Rendered shared/_publication_item (1.3ms)
Rendered shared/_publication_item (0.8ms)
Rendered shared/_publication_item (0.8ms)
Rendered shared/_publication_item (0.8ms)
Rendered shared/_publication_item (0.7ms)
Rendered shared/_publication_item (1.5ms)
Rendered shared/_publication_item (46.4ms)
Rendered shared/_publication_item (0.8ms)
Rendered shared/_publication_item (1.1ms)
Rendered shared/_publication_item (0.7ms)
Rendered shared/_publication_item (0.7ms)
Rendered shared/_publication_item (0.7ms)
Rendered shared/_publication_item (0.8ms)
Rendered shared/_publication_item (1.1ms)
Rendered shared/_publication_item (0.7ms)
Rendered shared/_publication_item (0.7ms)
Rendered shared/_publication_item (0.7ms)
Rendered shared/_publication_item (0.7ms)
Rendered shared/_publication_item (0.7ms)
Rendered shared/_abstract_listing_table (81.2ms)
Rendered shared/_abstract_listing (88.6ms)
Rendered shared/_tag_cloud (26.8ms)
Cached page: /abstracts/2009/year_list.html (1.3ms)
Completed in 6901ms (View: 146, DB: 6521) | 200 OK [http://localhost/abstracts/2009/year_list?page=1]
  [4;35;1mSQL (0.1ms)[0m   [0mSET client_min_messages TO 'panic'[0m
  [4;36;1mSQL (0.1ms)[0m   [0;1mSET client_min_messages TO 'notice'[0m


Processing ProgramsController#show (for 127.0.0.1 at 2009-06-03 10:35:01) [GET]
  Parameters: {"id"=>"1"}
  [4;35;1mProgram Load (3.2ms)[0m   [0mSELECT * FROM "programs" ORDER BY program_number[0m
Redirected to http://localhost:3000/programs/1/show/1
Completed in 10ms (DB: 3) | 302 Found [http://localhost/programs/1]
  [4;36;1mSQL (0.1ms)[0m   [0;1mSET client_min_messages TO 'panic'[0m
  [4;35;1mSQL (0.1ms)[0m   [0mSET client_min_messages TO 'notice'[0m


Processing ProgramsController#show (for 127.0.0.1 at 2009-06-03 10:35:01) [GET]
  Parameters: {"id"=>"1", "page"=>"1"}
  [4;36;1mProgram Load (2.0ms)[0m   [0;1mSELECT * FROM "programs" ORDER BY program_number[0m
  [4;35;1mProgram Load (0.3ms)[0m   [0mSELECT * FROM "programs" WHERE ("programs"."id" = 1) [0m
  [4;36;1mCACHE (0.0ms)[0m   [0;1mSELECT * FROM "programs" WHERE ("programs"."id" = 1) [0m
  [4;35;1mTag Load (3598.2ms)[0m   [0mSELECT tags.id, tags.name, COUNT(*) AS count FROM "tags" INNER JOIN taggings ON tags.id = taggings.tag_id INNER JOIN abstracts ON abstracts.id = taggings.taggable_id INNER JOIN "program_abstracts" ON "abstracts".id = "program_abstracts".abstract_id WHERE (("program_abstracts".program_id = 1) AND ((program_abstracts.end_date is null or program_abstracts.end_date >= '2009-06-03')) AND taggings.taggable_type = E'Abstract') GROUP BY tags.id, tags.name HAVING COUNT(*) > 0 AND COUNT(*) >= 20 ORDER BY count desc LIMIT 150[0m
  [4;36;1mInvestigator Load (24.6ms)[0m   [0;1mSELECT "investigators".* FROM "investigators" INNER JOIN "investigator_programs" ON ("investigators"."id" = "investigator_programs"."investigator_id") INNER JOIN "programs" ON ("programs"."id" = "investigator_programs"."program_id") AND investigator_programs.end_date is null or investigator_programs.end_date >= '2009-06-03' INNER JOIN "investigator_programs" investigator_programs_investigators ON investigator_programs_investigators.investigator_id = investigators.id AND investigator_programs.end_date is null or investigator_programs.end_date >= '2009-06-03' WHERE (programs.id = 1 and not investigator_programs.investigator_id = 0) [0m
  [4;35;1mAbstract Load IDs For Limited Eager Loading (71.2ms)[0m   [0mSELECT * FROM (SELECT DISTINCT ON ("abstracts".id) "abstracts".id, year AS alias_0, investigators.last_name AS alias_1, authors AS alias_2 FROM "abstracts" LEFT OUTER JOIN "investigator_abstracts" ON investigator_abstracts.abstract_id = abstracts.id LEFT OUTER JOIN "investigator_abstracts" investigators_abstracts_join ON ("abstracts"."id" = "investigators_abstracts_join"."abstract_id") LEFT OUTER JOIN "investigators" ON ("investigators"."id" = "investigators_abstracts_join"."investigator_id") AND investigators.end_date is null or investigators.end_date >= '2009-06-03' WHERE (investigator_abstracts.investigator_id IN (72,73,76,104,105,109,112,119,119,156,172,181,188,191,198)) ) AS id_list ORDER BY id_list.alias_0 DESC, id_list.alias_1 , id_list.alias_2 LIMIT 20 OFFSET 0[0m
  [4;36;1mAbstract Load Including Associations (76.3ms)[0m   [0;1mSELECT "abstracts"."id" AS t0_r0, "abstracts"."endnote_citation" AS t0_r1, "abstracts"."abstract" AS t0_r2, "abstracts"."authors" AS t0_r3, "abstracts"."full_authors" AS t0_r4, "abstracts"."is_first_author_investigator" AS t0_r5, "abstracts"."is_last_author_investigator" AS t0_r6, "abstracts"."title" AS t0_r7, "abstracts"."journal_abbreviation" AS t0_r8, "abstracts"."journal" AS t0_r9, "abstracts"."volume" AS t0_r10, "abstracts"."issue" AS t0_r11, "abstracts"."pages" AS t0_r12, "abstracts"."year" AS t0_r13, "abstracts"."publication_date" AS t0_r14, "abstracts"."publication_type" AS t0_r15, "abstracts"."electronic_publication_date" AS t0_r16, "abstracts"."deposited_date" AS t0_r17, "abstracts"."status" AS t0_r18, "abstracts"."publication_status" AS t0_r19, "abstracts"."pubmed" AS t0_r20, "abstracts"."url" AS t0_r21, "abstracts"."mesh" AS t0_r22, "abstracts"."created_at" AS t0_r23, "abstracts"."created_id" AS t0_r24, "abstracts"."created_ip" AS t0_r25, "abstracts"."updated_at" AS t0_r26, "abstracts"."updated_id" AS t0_r27, "abstracts"."updated_ip" AS t0_r28, "abstracts"."deleted_at" AS t0_r29, "abstracts"."deleted_id" AS t0_r30, "abstracts"."deleted_ip" AS t0_r31, "investigator_abstracts"."id" AS t1_r0, "investigator_abstracts"."abstract_id" AS t1_r1, "investigator_abstracts"."investigator_id" AS t1_r2, "investigator_abstracts"."is_first_author" AS t1_r3, "investigator_abstracts"."is_last_author" AS t1_r4, "investigator_abstracts"."created_at" AS t1_r5, "investigator_abstracts"."updated_at" AS t1_r6, "investigators"."id" AS t2_r0, "investigators"."username" AS t2_r1, "investigators"."last_name" AS t2_r2, "investigators"."first_name" AS t2_r3, "investigators"."middle_name" AS t2_r4, "investigators"."email" AS t2_r5, "investigators"."nu_employee_id" AS t2_r6, "investigators"."title" AS t2_r7, "investigators"."home_department" AS t2_r8, "investigators"."division" AS t2_r9, "investigators"."secondary" AS t2_r10, "investigators"."campus" AS t2_r11, "investigators"."appointment_type" AS t2_r12, "investigators"."appointment_track" AS t2_r13, "investigators"."pubmed_search_name" AS t2_r14, "investigators"."pubmed_limit_to_institution" AS t2_r15, "investigators"."num_first_pubs_last_five_years" AS t2_r16, "investigators"."num_last_pubs_last_five_years" AS t2_r17, "investigators"."total_pubs_last_five_years" AS t2_r18, "investigators"."num_intraprogam_collaborators_last_five_years" AS t2_r19, "investigators"."num_extraprogram_collaborators_last_five_years" AS t2_r20, "investigators"."last_pubmed_search" AS t2_r21, "investigators"."mailcode" AS t2_r22, "investigators"."address1" AS t2_r23, "investigators"."address2" AS t2_r24, "investigators"."city" AS t2_r25, "investigators"."state" AS t2_r26, "investigators"."postal_code" AS t2_r27, "investigators"."country" AS t2_r28, "investigators"."business_phone" AS t2_r29, "investigators"."home_phone" AS t2_r30, "investigators"."lab_phone" AS t2_r31, "investigators"."fax" AS t2_r32, "investigators"."pager" AS t2_r33, "investigators"."ssn" AS t2_r34, "investigators"."sex" AS t2_r35, "investigators"."birth_date" AS t2_r36, "investigators"."nu_start_date" AS t2_r37, "investigators"."start_date" AS t2_r38, "investigators"."end_date" AS t2_r39, "investigators"."weekly_hours_min" AS t2_r40, "investigators"."last_successful_login" AS t2_r41, "investigators"."last_login_failure" AS t2_r42, "investigators"."consecutive_login_failures" AS t2_r43, "investigators"."password" AS t2_r44, "investigators"."password_changed_at" AS t2_r45, "investigators"."password_changed_id" AS t2_r46, "investigators"."password_changed_ip" AS t2_r47, "investigators"."created_at" AS t2_r48, "investigators"."created_id" AS t2_r49, "investigators"."created_ip" AS t2_r50, "investigators"."updated_at" AS t2_r51, "investigators"."updated_id" AS t2_r52, "investigators"."updated_ip" AS t2_r53, "investigators"."deleted_at" AS t2_r54, "investigators"."deleted_id" AS t2_r55, "investigators"."deleted_ip" AS t2_r56 FROM "abstracts" LEFT OUTER JOIN "investigator_abstracts" ON investigator_abstracts.abstract_id = abstracts.id LEFT OUTER JOIN "investigator_abstracts" investigators_abstracts_join ON ("abstracts"."id" = "investigators_abstracts_join"."abstract_id") LEFT OUTER JOIN "investigators" ON ("investigators"."id" = "investigators_abstracts_join"."investigator_id") AND investigators.end_date is null or investigators.end_date >= '2009-06-03' WHERE (investigator_abstracts.investigator_id IN (72,73,76,104,105,109,112,119,119,156,172,181,188,191,198)) AND "abstracts".id IN (2186, 2185, 2184, 2183, 2228, 2342, 3008, 3082, 3117, 3311, 3305, 3306, 3309, 3308, 3304, 3310, 3303, 3307, 2194, 2190) ORDER BY year DESC, investigators.last_name ASC,authors ASC[0m
  [4;35;1mSQL (69.6ms)[0m   [0mSELECT count(DISTINCT "abstracts".id) AS count_all FROM "abstracts" LEFT OUTER JOIN "investigator_abstracts" ON investigator_abstracts.abstract_id = abstracts.id LEFT OUTER JOIN "investigator_abstracts" investigators_abstracts_join ON ("abstracts"."id" = "investigators_abstracts_join"."abstract_id") LEFT OUTER JOIN "investigators" ON ("investigators"."id" = "investigators_abstracts_join"."investigator_id") AND investigators.end_date is null or investigators.end_date >= '2009-06-03' WHERE (investigator_abstracts.investigator_id IN (72,73,76,104,105,109,112,119,119,156,172,181,188,191,198)) [0m
  [4;36;1mCACHE (0.0ms)[0m   [0;1mSELECT "investigators".* FROM "investigators" INNER JOIN "investigator_programs" ON ("investigators"."id" = "investigator_programs"."investigator_id") INNER JOIN "programs" ON ("programs"."id" = "investigator_programs"."program_id") AND investigator_programs.end_date is null or investigator_programs.end_date >= '2009-06-03' INNER JOIN "investigator_programs" investigator_programs_investigators ON investigator_programs_investigators.investigator_id = investigators.id AND investigator_programs.end_date is null or investigator_programs.end_date >= '2009-06-03' WHERE (programs.id = 1 and not investigator_programs.investigator_id = 0) [0m
  [4;35;1mAbstract Load Including Associations (151.4ms)[0m   [0mSELECT "abstracts"."id" AS t0_r0, "abstracts"."endnote_citation" AS t0_r1, "abstracts"."abstract" AS t0_r2, "abstracts"."authors" AS t0_r3, "abstracts"."full_authors" AS t0_r4, "abstracts"."is_first_author_investigator" AS t0_r5, "abstracts"."is_last_author_investigator" AS t0_r6, "abstracts"."title" AS t0_r7, "abstracts"."journal_abbreviation" AS t0_r8, "abstracts"."journal" AS t0_r9, "abstracts"."volume" AS t0_r10, "abstracts"."issue" AS t0_r11, "abstracts"."pages" AS t0_r12, "abstracts"."year" AS t0_r13, "abstracts"."publication_date" AS t0_r14, "abstracts"."publication_type" AS t0_r15, "abstracts"."electronic_publication_date" AS t0_r16, "abstracts"."deposited_date" AS t0_r17, "abstracts"."status" AS t0_r18, "abstracts"."publication_status" AS t0_r19, "abstracts"."pubmed" AS t0_r20, "abstracts"."url" AS t0_r21, "abstracts"."mesh" AS t0_r22, "abstracts"."created_at" AS t0_r23, "abstracts"."created_id" AS t0_r24, "abstracts"."created_ip" AS t0_r25, "abstracts"."updated_at" AS t0_r26, "abstracts"."updated_id" AS t0_r27, "abstracts"."updated_ip" AS t0_r28, "abstracts"."deleted_at" AS t0_r29, "abstracts"."deleted_id" AS t0_r30, "abstracts"."deleted_ip" AS t0_r31, "investigator_abstracts"."id" AS t1_r0, "investigator_abstracts"."abstract_id" AS t1_r1, "investigator_abstracts"."investigator_id" AS t1_r2, "investigator_abstracts"."is_first_author" AS t1_r3, "investigator_abstracts"."is_last_author" AS t1_r4, "investigator_abstracts"."created_at" AS t1_r5, "investigator_abstracts"."updated_at" AS t1_r6 FROM "abstracts" LEFT OUTER JOIN "investigator_abstracts" ON investigator_abstracts.abstract_id = abstracts.id WHERE (investigator_abstracts.investigator_id IN (72,73,76,104,105,109,112,119,119,156,172,181,188,191,198)) [0m
Rendering template within layouts/application
Rendering programs/show
Rendered shared/_tag_cloud (11.1ms)
Rendered shared/_publication_item (8.5ms)
Rendered shared/_publication_item (0.7ms)
Rendered shared/_publication_item (0.9ms)
Rendered shared/_publication_item (0.9ms)
Rendered shared/_publication_item (57.4ms)
Rendered shared/_publication_item (1.0ms)
Rendered shared/_publication_item (0.7ms)
Rendered shared/_publication_item (0.8ms)
Rendered shared/_publication_item (1.1ms)
Rendered shared/_publication_item (0.7ms)
Rendered shared/_publication_item (0.7ms)
Rendered shared/_publication_item (0.7ms)
Rendered shared/_publication_item (0.7ms)
Rendered shared/_publication_item (0.7ms)
Rendered shared/_publication_item (0.7ms)
Rendered shared/_publication_item (0.7ms)
Rendered shared/_publication_item (0.7ms)
Rendered shared/_publication_item (0.3ms)
Rendered shared/_publication_item (0.7ms)
Rendered shared/_publication_item (0.7ms)
Rendered shared/_abstract_listing_table (81.7ms)
Rendered shared/_abstract_listing (86.6ms)
Completed in 4382ms (View: 119, DB: 3994) | 200 OK [http://localhost/programs/1/show/1]
  [4;36;1mSQL (0.1ms)[0m   [0;1mSET client_min_messages TO 'panic'[0m
  [4;35;1mSQL (0.1ms)[0m   [0mSET client_min_messages TO 'notice'[0m


Processing SparklinesController#index (for 127.0.0.1 at 2009-06-03 10:35:06) [GET]
  Parameters: {"results"=>"20,27,51,43,48,45,45,43,53,18", "type"=>"bar"}
  [4;36;1mProgram Load (3.4ms)[0m   [0;1mSELECT * FROM "programs" ORDER BY program_number[0m
Sending data spark_bar.png
Completed in 393ms (View: 1, DB: 4) | 200 OK [http://localhost/sparklines?results=20%2C27%2C51%2C43%2C48%2C45%2C45%2C43%2C53%2C18&type=bar]
